2012-03-10 15:24:44.317+0530: Creating new db @ /Users/nikhilmarathe/workspace/turbulence/data/devel/clusterspace.db/neostore
2012-03-10 15:24:44.420+0530: Opened [/Users/nikhilmarathe/workspace/turbulence/data/devel/clusterspace.db/nioneo_logical.log.1] clean empty log, version=0, lastTxId=1
2012-03-10 15:24:44.441+0530: Opened [/Users/nikhilmarathe/workspace/turbulence/data/devel/clusterspace.db/index/lucene.log.1] clean empty log, version=0, lastTxId=1
2012-03-10 15:24:44.443+0530: TM new log: tm_tx_log.1
2012-03-10 15:24:44.456+0530: --- STARTUP diagnostics START ---
2012-03-10 15:24:44.456+0530: Graph Database: org.neo4j.kernel.EmbeddedGraphDatabase StoreId[time:1331373284322, id:8331475836568041377, store version: 13561656364791302]
2012-03-10 15:24:44.457+0530: Kernel version: Neo4j - Graph Database Kernel 1.6
2012-03-10 15:24:44.457+0530: Neo4j component versions:
2012-03-10 15:24:44.458+0530:   Neo4j - Graph Database Kernel 1.6
2012-03-10 15:24:44.459+0530: Diagnostics providers:
    KernelDiagnostics:Versions
    org.neo4j.kernel.info.DiagnosticsManager
    SYSTEM_MEMORY
    JAVA_MEMORY
    OPERATING_SYSTEM
    JAVA_VIRTUAL_MACHINE
    CLASSPATH
    LIBRARY_PATH
    SYSTEM_PROPERTIES
    org.neo4j.kernel.Config
    NEO_STORE_VERSIONS
    NEO_STORE_ID_USAGE
    KernelDiagnostics:StoreFiles
2012-03-10 15:24:44.460+0530: System memory information:
    Total Physical memory: 8.00 GB
    Free Physical memory: 2.74 GB
    Committed virtual memory: 2.83 GB
    Total swap space: 256.00 MB
    Free swap space: 230.38 MB
2012-03-10 15:24:44.466+0530: JVM memory information:
    Free  memory: 65.84 MB
    Total memory: 81.06 MB
    Max   memory: 123.94 MB
    Garbage Collector: ParNew: [Par Eden Space, Par Survivor Space]
    Garbage Collector: ConcurrentMarkSweep: [Par Eden Space, Par Survivor Space, CMS Old Gen, CMS Perm Gen]
    Memory Pool: Code Cache (Non-heap memory): committed=2.44 MB, used=787.50 kB, max=48.00 MB, threshold=0.00 B
    Memory Pool: Par Eden Space (Heap memory): committed=16.63 MB, used=12.34 MB, max=16.63 MB, threshold=?
    Memory Pool: Par Survivor Space (Heap memory): committed=2.06 MB, used=1.83 MB, max=2.06 MB, threshold=?
    Memory Pool: CMS Old Gen (Heap memory): committed=62.38 MB, used=1.06 MB, max=105.25 MB, threshold=0.00 B
    Memory Pool: CMS Perm Gen (Non-heap memory): committed=20.75 MB, used=18.78 MB, max=82.00 MB, threshold=0.00 B
2012-03-10 15:24:44.471+0530: Operating system information:
    Operating System: Mac OS X; version: 10.6.8; arch: x86_64; cpus: 8
    Max number of file descriptors: 10240
    Number of open file descriptors: 145
    Process id: 5344@macironik.local
    Byte order: LITTLE_ENDIAN
2012-03-10 15:24:44.473+0530: JVM information:
    VM Name: Java HotSpot(TM) 64-Bit Server VM
    VM Vendor: Apple Inc.
    VM Version: 19.1-b02-334
    JIT compiler: HotSpot 64-Bit Server Compiler
    VM Arguments: [-enableassertions, -Dfile.encoding=MacRoman]
2012-03-10 15:24:44.474+0530: Java classpath:
     [classpath + loader.0] file:/Users/nikhilmarathe/.m2/repository/com/clarkparsia/pellet/pellet-el/2.3.0/pellet-el-2.3.0.jar
     [classpath + loader.0] file:/Users/nikhilmarathe/.m2/repository/org/apache/jena/jena-arq/2.9.0-incubating/jena-arq-2.9.0-incubating.jar
     [loader.1] file:/System/Library/Java/Extensions/dns_sd.jar
     [bootstrap] /System/Library/Frameworks/JavaVM.framework/Versions/A/Frameworks/JavaRuntimeSupport.framework/Versions/A/Resources/Java/JavaRuntimeSupport.jar
     [classpath + loader.0] file:/Users/nikhilmarathe/.m2/repository/com/clarkparsia/pellet/pellet-jena/2.3.0/pellet-jena-2.3.0.jar
     [classpath + loader.0] file:/Users/nikhilmarathe/.m2/repository/commons-logging/commons-logging/1.1.1/commons-logging-1.1.1.jar
     [loader.1] file:/System/Library/Java/Extensions/MRJToolkit.jar
     [loader.1] file:/Library/Java/JavaVirtualMachines/1.6.0_24-b07-334.jdk/Contents/Home/lib/ext/apple_provider.jar
     [classpath + loader.0] file:/Users/nikhilmarathe/.m2/repository/com/clarkparsia/pellet/pellet-pellint/2.3.0/pellet-pellint-2.3.0.jar
     [classpath + loader.0] file:/Users/nikhilmarathe/.m2/repository/aterm/Aterm/2.3.0/Aterm-2.3.0.jar
     [classpath + loader.0] file:/Users/nikhilmarathe/.m2/repository/org/scala-lang/scala-library/2.9.0-1/scala-library-2.9.0-1.jar
     [loader.1] file:/System/Library/Java/Extensions/vecmath.jar
     [classpath + loader.0] file:/Users/nikhilmarathe/.m2/repository/com/clarkparsia/pellet/pellet-dig/2.3.0/pellet-dig-2.3.0.jar
     [loader.1] file:/System/Library/Java/Extensions/libmlib_jai.jnilib
     [classpath + loader.0] file:/Users/nikhilmarathe/.m2/repository/com/clarkparsia/pellet/pellet-explanation/2.3.0/pellet-explanation-2.3.0.jar
     [classpath + loader.0] file:/Users/nikhilmarathe/.m2/repository/org/glassfish/grizzly/grizzly-http-server/2.1.2/grizzly-http-server-2.1.2.jar
     [classpath + loader.0] file:/Users/nikhilmarathe/.m2/repository/org/apache/cassandra/cassandra-thrift/1.0.6/cassandra-thrift-1.0.6.jar
     [classpath + loader.0] file:/Users/nikhilmarathe/.m2/repository/org/slf4j/slf4j-log4j12/1.6.4/slf4j-log4j12-1.6.4.jar
     [classpath + loader.0] file:/Users/nikhilmarathe/.m2/repository/org/glassfish/gmbal/gmbal-api-only/3.0.0-b023/gmbal-api-only-3.0.0-b023.jar
     [classpath + loader.0] file:/Users/nikhilmarathe/.m2/repository/org/neo4j/neo4j-graph-algo/1.6/neo4j-graph-algo-1.6.jar
     [loader.1] file:/System/Library/Java/Extensions/libJ3D.jnilib
     [classpath + loader.0] file:/Users/nikhilmarathe/.m2/repository/org/apache/httpcomponents/httpcore/4.1.3/httpcore-4.1.3.jar
     [loader.1] file:/Library/Java/JavaVirtualMachines/1.6.0_24-b07-334.jdk/Contents/Home/lib/ext/dnsns.jar
     [loader.1] file:/System/Library/Java/Extensions/mlibwrapper_jai.jar
     [classpath + loader.0] file:/Users/nikhilmarathe/.m2/repository/org/neo4j/neo4j-udc/1.6/neo4j-udc-1.6.jar
     [bootstrap] /Library/Java/JavaVirtualMachines/1.6.0_24-b07-334.jdk/Contents/Classes/laf.jar
     [classpath + loader.0] file:/Users/nikhilmarathe/.m2/repository/javax/servlet/servlet-api/2.5/servlet-api-2.5.jar
     [classpath + loader.0] file:/Users/nikhilmarathe/workspace/turbulence/target/classes/
     [loader.1] file:/Library/Java/JavaVirtualMachines/1.6.0_24-b07-334.jdk/Contents/Home/lib/ext/localedata.jar
     [classpath + loader.0] file:/Users/nikhilmarathe/.m2/repository/org/apache/lucene/lucene-core/3.5.0/lucene-core-3.5.0.jar
     [loader.1] file:/System/Library/Java/Extensions/QTJava.zip
     [classpath + loader.0] file:/Users/nikhilmarathe/.m2/repository/commons-codec/commons-codec/20041127.091804/commons-codec-20041127.091804.jar
     [classpath + loader.0] file:/Users/nikhilmarathe/.m2/repository/com/clarkparsia/pellet/pellet-cli/2.3.0/pellet-cli-2.3.0.jar
     [classpath + loader.0] file:/Users/nikhilmarathe/.m2/repository/org/glassfish/grizzly/grizzly-rcm/2.1.2/grizzly-rcm-2.1.2.jar
     [bootstrap] /Library/Java/JavaVirtualMachines/1.6.0_24-b07-334.jdk/Contents/Classes/sunrsasign.jar
     [bootstrap] /Library/Java/JavaVirtualMachines/1.6.0_24-b07-334.jdk/Contents/Classes/charsets.jar
     [loader.1] file:/System/Library/Java/Extensions/libShark.jnilib
     [classpath + loader.0] file:/Users/nikhilmarathe/.m2/repository/com/clarkparsia/pellet/pellet-query/2.3.0/pellet-query-2.3.0.jar
     [loader.1] file:/Library/Java/JavaVirtualMachines/1.6.0_24-b07-334.jdk/Contents/Home/lib/ext/sunjce_provider.jar
     [classpath + loader.0] file:/Users/nikhilmarathe/.m2/repository/commons-collections/commons-collections/20040616/commons-collections-20040616.jar
     [classpath + loader.0] file:/Users/nikhilmarathe/.m2/repository/org/slf4j/slf4j-api/1.6.1/slf4j-api-1.6.1.jar
     [loader.1] file:/System/Library/Java/Extensions/libJ3DAudio.jnilib
     [loader.1] file:/System/Library/Java/Extensions/libAppleScriptEngine.jnilib
     [classpath + loader.0] file:/Users/nikhilmarathe/.m2/repository/com/clarkparsia/pellet/pellet-owlapi/2.3.0/pellet-owlapi-2.3.0.jar
     [classpath + loader.0] file:/Users/nikhilmarathe/.m2/repository/com/ibm/icu/icu4j/3.4.4/icu4j-3.4.4.jar
     [classpath + loader.0] file:/Users/nikhilmarathe/.m2/repository/com/sun/jersey/jersey-core/1.11/jersey-core-1.11.jar
     [loader.1] file:/System/Library/Java/Extensions/j3daudio.jar
     [classpath + loader.0] file:/Users/nikhilmarathe/.m2/repository/org/apache/geronimo/specs/geronimo-jta_1.1_spec/1.1.1/geronimo-jta_1.1_spec-1.1.1.jar
     [loader.1] file:/System/Library/Java/Extensions/libJ3DUtils.jnilib
     [loader.1] file:/Library/Java/JavaVirtualMachines/1.6.0_24-b07-334.jdk/Contents/Home/lib/ext/sunpkcs11.jar
     [bootstrap] /Library/Java/JavaVirtualMachines/1.6.0_24-b07-334.jdk/Contents/Classes/ui.jar
     [loader.1] file:/System/Library/Java/Extensions/libQTJNative.jnilib
     [loader.1] file:/System/Library/Java/Extensions/j3dcore.jar
     [classpath + loader.0] file:/Users/nikhilmarathe/.m2/repository/org/neo4j/neo4j/1.6/neo4j-1.6.jar
     [classpath + loader.0] file:/Users/nikhilmarathe/.m2/repository/com/clarkparsia/pellet/pellet-core/2.3.0/pellet-core-2.3.0.jar
     [bootstrap] /Library/Java/JavaVirtualMachines/1.6.0_24-b07-334.jdk/Contents/Classes/jsfd.jar
     [classpath + loader.0] file:/Users/nikhilmarathe/.m2/repository/com/github/stephenc/eaio-uuid/uuid/3.2.0/uuid-3.2.0.jar
     [classpath + loader.0] file:/Users/nikhilmarathe/.m2/repository/com/clarkparsia/pellet/pellet-test/2.3.0/pellet-test-2.3.0.jar
     [loader.1] file:/System/Library/Java/Extensions/j3dutils.jar
     [classpath + loader.0] file:/Users/nikhilmarathe/.m2/repository/org/glassfish/grizzly/grizzly-http/2.1.2/grizzly-http-2.1.2.jar
     [classpath + loader.0] file:/Users/nikhilmarathe/.m2/repository/commons-lang/commons-lang/2.4/commons-lang-2.4.jar
     [classpath + loader.0] file:/Users/nikhilmarathe/.m2/repository/asm/asm/3.1/asm-3.1.jar
     [loader.1] file:/System/Library/Java/Extensions/jai_core.jar
     [loader.1] file:/System/Library/Java/Extensions/jai_codec.jar
     [classpath + loader.0] file:/Users/nikhilmarathe/.m2/repository/org/jdom/jdom/1.1.1/jdom-1.1.1.jar
     [classpath + loader.0] file:/Users/nikhilmarathe/.m2/repository/org/glassfish/external/management-api/3.0.0-b012/management-api-3.0.0-b012.jar
     [classpath + loader.0] file:/Users/nikhilmarathe/.m2/repository/org/apache/jena/jena-core/2.7.0-incubating/jena-core-2.7.0-incubating.jar
     [bootstrap] /Library/Java/JavaVirtualMachines/1.6.0_24-b07-334.jdk/Contents/Classes/jsse.jar
     [classpath + loader.0] file:/Users/nikhilmarathe/.m2/repository/org/neo4j/neo4j-lucene-index/1.6/neo4j-lucene-index-1.6.jar
     [classpath + loader.0] file:/Users/nikhilmarathe/.m2/repository/com/clarkparsia/pellet/pellet-owlapiv3/2.3.0/pellet-owlapiv3-2.3.0.jar
     [classpath + loader.0] file:/Users/nikhilmarathe/.m2/repository/org/apache/jena/jena-iri/0.9.0-incubating/jena-iri-0.9.0-incubating.jar
     [classpath + loader.0] file:/Users/nikhilmarathe/.m2/repository/org/apache/thrift/libthrift/0.6.1/libthrift-0.6.1.jar
     [classpath + loader.0] file:/Users/nikhilmarathe/.m2/repository/com/ecyrd/speed4j/speed4j/0.9/speed4j-0.9.jar
     [classpath + loader.0] file:/Users/nikhilmarathe/.m2/repository/org/jgrapht/jgrapht-jdk1.5/0.7.3/jgrapht-jdk1.5-0.7.3.jar
     [classpath + loader.0] file:/Users/nikhilmarathe/.m2/repository/com/sun/jersey/jersey-server/1.11/jersey-server-1.11.jar
     [classpath + loader.0] file:/Users/nikhilmarathe/.m2/repository/org/neo4j/neo4j-jmx/1.6/neo4j-jmx-1.6.jar
     [classpath + loader.0] file:/Users/nikhilmarathe/.m2/repository/org/neo4j/neo4j-kernel/1.6/neo4j-kernel-1.6.jar
     [classpath + loader.0] file:/Users/nikhilmarathe/.m2/repository/com/clarkparsia/pellet/pellet-rules/2.3.0/pellet-rules-2.3.0.jar
     [classpath + loader.0] file:/Users/nikhilmarathe/.m2/repository/xerces/xercesImpl/2.10.0/xercesImpl-2.10.0.jar
     [classpath + loader.0] file:/Users/nikhilmarathe/.m2/repository/com/clarkparsia/pellet/pellet-modularity/2.3.0/pellet-modularity-2.3.0.jar
     [bootstrap] /Library/Java/JavaVirtualMachines/1.6.0_24-b07-334.jdk/Contents/Home/lib/jce.jar
     [classpath + loader.0] file:/Users/nikhilmarathe/.m2/repository/com/google/guava/guava/r09/guava-r09.jar
     [classpath + loader.0] file:/Users/nikhilmarathe/.m2/repository/me/prettyprint/hector-core/1.0-3/hector-core-1.0-3.jar
     [classpath + loader.0] file:/Users/nikhilmarathe/.m2/repository/com/clarkparsia/pellet/pellet-datatypes/2.3.0/pellet-datatypes-2.3.0.jar
     [classpath + loader.0] file:/Users/nikhilmarathe/.m2/repository/com/sun/jersey/jersey-grizzly2/1.11/jersey-grizzly2-1.11.jar
     [classpath + loader.0] file:/Users/nikhilmarathe/.m2/repository/log4j/log4j/1.2.16/log4j-1.2.16.jar
     [classpath + loader.0] file:/Users/nikhilmarathe/.m2/repository/xml-apis/xml-apis/1.4.01/xml-apis-1.4.01.jar
     [classpath + loader.0] file:/Users/nikhilmarathe/.m2/repository/org/neo4j/neo4j-graph-matching/1.6/neo4j-graph-matching-1.6.jar
     [bootstrap] /Library/Java/JavaVirtualMachines/1.6.0_24-b07-334.jdk/Contents/Classes/classes.jar
     [loader.1] file:/System/Library/Java/Extensions/AppleScriptEngine.jar
     [classpath + loader.0] file:/Users/nikhilmarathe/.m2/repository/commons-pool/commons-pool/1.5.3/commons-pool-1.5.3.jar
     [classpath + loader.0] file:/Users/nikhilmarathe/.m2/repository/org/neo4j/neo4j-cypher/1.6/neo4j-cypher-1.6.jar
     [classpath + loader.0] file:/Users/nikhilmarathe/.m2/repository/org/glassfish/grizzly/grizzly-framework/2.1.2/grizzly-framework-2.1.2.jar
     [classpath + loader.0] file:/Users/nikhilmarathe/.m2/repository/org/json/json/20090211/json-20090211.jar
     [classpath + loader.0] file:/Users/nikhilmarathe/.m2/repository/owlapi/owlapi/3.2.4/owlapi-3.2.4.jar
     [classpath + loader.0] file:/Users/nikhilmarathe/.m2/repository/org/apache/httpcomponents/httpclient/4.1.2/httpclient-4.1.2.jar
2012-03-10 15:24:44.481+0530: Library path:
    /Users/nikhilmarathe/workspace/turbulence
    /Library/Java/Extensions
    /System/Library/Java/Extensions
    /usr/lib/java
2012-03-10 15:24:44.481+0530: System.properties:
    sun.boot.library.path = /Library/Java/JavaVirtualMachines/1.6.0_24-b07-334.jdk/Contents/Libraries
    awt.nativeDoubleBuffering = true
    gopherProxySet = false
    mrj.build = 10M3326
    path.separator = :
    file.encoding.pkg = sun.io
    sun.java.launcher = SUN_STANDARD
    sun.os.patch.level = unknown
    user.country = US
    user.dir = /Users/nikhilmarathe/workspace/turbulence
    socksProxyPort = 1080
    https.proxyHost = localhost
    sun.jnu.encoding = MacRoman
    http.proxyPort = 8123
    sun.management.compiler = HotSpot 64-Bit Server Compiler
    http.nonProxyHosts = local|*.local|169.254/16|*.169.254/16|10.100/16|*.10.100/16
    user.home = /Users/nikhilmarathe
    user.timezone = GMT+05:30
    file.encoding = MacRoman
    user.name = nikhilmarathe
    socksProxyHost = localhost
    sun.arch.data.model = 64
    user.language = en
    awt.toolkit = apple.awt.CToolkit
    http.proxyHost = localhost
    file.separator = /
    sun.io.unicode.encoding = UnicodeLittle
    sun.cpu.endian = little
    mrj.version = 1060.1.6.0_24-334
    https.proxyPort = 8123
    socksNonProxyHosts = local|*.local|169.254/16|*.169.254/16|10.100/16|*.10.100/16
    ftp.nonProxyHosts = local|*.local|169.254/16|*.169.254/16|10.100/16|*.10.100/16
    sun.cpu.isalist = 
2012-03-10 15:24:44.482+0530: Neo4j Kernel properties:
    store_dir=/Users/nikhilmarathe/workspace/turbulence/data/devel/clusterspace.db
    logical_log=/Users/nikhilmarathe/workspace/turbulence/data/devel/clusterspace.db/nioneo_logical.log
    node_auto_indexing=false
    neostore.relationshipstore.db.mapped_memory=100M
    neostore.nodestore.db.mapped_memory=20M
    use_memory_mapped_buffers=true
    rebuild_idgenerators_fast=true
    neostore.propertystore.db.index.keys.mapped_memory=1M
    neostore.propertystore.db.arrays.mapped_memory=130M
    neostore.propertystore.db.strings.mapped_memory=130M
    neo_store=/Users/nikhilmarathe/workspace/turbulence/data/devel/clusterspace.db/neostore
    neostore.propertystore.db.index.mapped_memory=1M
    create=true
    neostore.propertystore.db.mapped_memory=90M
    relationship_auto_indexing=false
2012-03-10 15:24:44.483+0530: Store versions:
    NeoStore v0.A.0
    NodeStore v0.A.0
    RelationshipStore v0.A.0
    RelationshipTypeStore v0.A.0
    PropertyStore v0.A.0
    PropertyIndexStore v0.A.0
    StringPropertyStore v0.A.0
    ArrayPropertyStore v0.A.0
2012-03-10 15:24:44.483+0530: Id usage:
    NodeStore: used=1 high=0
    RelationshipStore: used=0 high=-1
    RelationshipTypeStore: used=0 high=-1
    PropertyStore: used=0 high=-1
    PropertyIndexStore: used=0 high=-1
    StringPropertyStore: used=1 high=0
    ArrayPropertyStore: used=1 high=0
2012-03-10 15:24:44.484+0530: Storage files:
    active_tx_log: 11.00 B
    index:
      lucene-store.db: 40.00 B
      lucene.log.1: 16.00 B
      lucene.log.active: 4.00 B
    - Total: 60.00 B
    lock: 0.00 B
    messages.log: 16.42 kB
    neostore: 54.00 B
    neostore.id: 9.00 B
    neostore.nodestore.db: 9.00 B
    neostore.nodestore.db.id: 9.00 B
    neostore.propertystore.db: 0.00 B
    neostore.propertystore.db.arrays: 128.00 B
    neostore.propertystore.db.arrays.id: 9.00 B
    neostore.propertystore.db.id: 9.00 B
    neostore.propertystore.db.index: 0.00 B
    neostore.propertystore.db.index.id: 9.00 B
    neostore.propertystore.db.index.keys: 38.00 B
    neostore.propertystore.db.index.keys.id: 9.00 B
    neostore.propertystore.db.strings: 128.00 B
    neostore.propertystore.db.strings.id: 9.00 B
    neostore.relationshipstore.db: 0.00 B
    neostore.relationshipstore.db.id: 9.00 B
    neostore.relationshiptypestore.db: 0.00 B
    neostore.relationshiptypestore.db.id: 9.00 B
    neostore.relationshiptypestore.db.names: 38.00 B
    neostore.relationshiptypestore.db.names.id: 9.00 B
    nioneo_logical.log.1: 16.00 B
    nioneo_logical.log.active: 4.00 B
    tm_tx_log.1: 0.00 B
2012-03-10 15:24:44.487+0530: --- STARTUP diagnostics END ---
2012-03-10 15:24:44.488+0530: Extension org.neo4j.kernel.KernelExtension[kernel udc] loaded ok
2012-03-10 15:24:44.523+0530: Extension org.neo4j.kernel.KernelExtension[kernel jmx] loaded ok
2012-03-10 15:24:59.110+0530: Closed log /Users/nikhilmarathe/workspace/turbulence/data/devel/clusterspace.db/nioneo_logical.log
2012-03-10 15:24:59.121+0530: NeoStore closed
2012-03-10 15:24:59.127+0530: Closed log /Users/nikhilmarathe/workspace/turbulence/data/devel/clusterspace.db/index/lucene.log
2012-03-10 15:24:59.127+0530: NeoStore closed
2012-03-10 15:24:59.128+0530: TM shutting down
